<?xml version="1.0" encoding="UTF-8"?>
<!-- Generated by org.testng.reporters.JUnitReportReporter -->
<testsuite skipped="0" hostname="DESKTOP-QM44KM9" name="org.com.test.JSonplaceholdertest" tests="4" failures="0" timestamp="2020-11-22T12:59:55 IST" time="11.516" errors="0">
  <testcase name="getPosts" time="5.299" classname="org.com.test.JSonplaceholdertest"/>
  <system-out/>
  <testcase name="postData" time="2.404" classname="org.com.test.JSonplaceholdertest"/>
  <system-out/>
  <testcase name="patchData" time="1.990" classname="org.com.test.JSonplaceholdertest"/>
  <system-out/>
  <testcase name="deleteData" time="1.823" classname="org.com.test.JSonplaceholdertest"/>
  <system-out/>
</testsuite> <!-- org.com.test.JSonplaceholdertest -->
