<?xml version="1.0" encoding="UTF-8"?>
<!-- Generated by org.testng.reporters.JUnitReportReporter -->
<testsuite skipped="0" hostname="DESKTOP-QM44KM9" name="org.com.test.JSonplaceholdertest" tests="4" failures="0" timestamp="2020-11-22T12:59:21 IST" time="12.686" errors="0">
  <testcase name="getPosts" time="5.144" classname="org.com.test.JSonplaceholdertest"/>
  <system-out/>
  <testcase name="postData" time="3.073" classname="org.com.test.JSonplaceholdertest"/>
  <system-out/>
  <testcase name="patchData" time="2.310" classname="org.com.test.JSonplaceholdertest"/>
  <system-out/>
  <testcase name="deleteData" time="2.159" classname="org.com.test.JSonplaceholdertest"/>
  <system-out/>
</testsuite> <!-- org.com.test.JSonplaceholdertest -->
